!SESSION 2016-03-04 20:46:49.388 -----------------------------------------------
eclipse.buildId=4.5.1.M20150904-0015
java.version=1.7.0_95
java.vendor=Oracle Corporation
BootLoader constants: OS=linux, ARCH=x86_64, WS=gtk, NL=es_ES
Framework arguments:  -product org.eclipse.epp.package.java.product
Command-line arguments:  -os linux -ws gtk -arch x86_64 -product org.eclipse.epp.package.java.product

!ENTRY org.eclipse.core.resources 2 10035 2016-03-04 20:47:30.971
!MESSAGE The workspace exited with unsaved changes in the previous session; refreshing workspace to recover changes.
!SESSION 2016-03-24 03:39:43.438 -----------------------------------------------
eclipse.buildId=4.5.1.M20150904-0015
java.version=1.7.0_95
java.vendor=Oracle Corporation
BootLoader constants: OS=linux, ARCH=x86_64, WS=gtk, NL=es_ES
Framework arguments:  -product org.eclipse.epp.package.java.product
Command-line arguments:  -os linux -ws gtk -arch x86_64 -product org.eclipse.epp.package.java.product

!ENTRY org.eclipse.core.resources 2 10035 2016-03-24 03:40:12.386
!MESSAGE The workspace exited with unsaved changes in the previous session; refreshing workspace to recover changes.
!SESSION 2016-03-30 10:22:28.912 -----------------------------------------------
eclipse.buildId=4.5.1.M20150904-0015
java.version=1.7.0_95
java.vendor=Oracle Corporation
BootLoader constants: OS=linux, ARCH=x86_64, WS=gtk, NL=es_ES
Framework arguments:  -product org.eclipse.epp.package.java.product
Command-line arguments:  -os linux -ws gtk -arch x86_64 -product org.eclipse.epp.package.java.product

!ENTRY org.eclipse.core.resources 2 10035 2016-03-30 10:22:41.799
!MESSAGE The workspace exited with unsaved changes in the previous session; refreshing workspace to recover changes.

!ENTRY org.eclipse.egit.core 4 0 2016-03-30 10:22:44.271
!MESSAGE Remove repository mapping of Git mapped resource for which project or mapped git repository has disappeared: 'RepositoryMapping[<empty> -> '../../../.git', absolute path: '/home/tron/Dropbox/.git' ]'
!STACK 0
java.io.FileNotFoundException: 
	at org.eclipse.egit.core.project.GitProjectData.logAndUnmapGoneMappedResource(GitProjectData.java:533)
	at org.eclipse.egit.core.project.GitProjectData.map(GitProjectData.java:499)
	at org.eclipse.egit.core.project.GitProjectData.remapAll(GitProjectData.java:473)
	at org.eclipse.egit.core.project.GitProjectData.load(GitProjectData.java:466)
	at org.eclipse.egit.core.project.GitProjectData.get(GitProjectData.java:206)
	at org.eclipse.egit.core.GitProvider.getData(GitProvider.java:86)
	at org.eclipse.egit.core.project.RepositoryMapping.getMapping(RepositoryMapping.java:326)
	at org.eclipse.egit.core.project.RepositoryMapping.getMapping(RepositoryMapping.java:306)
	at org.eclipse.egit.core.Activator$IgnoreDerivedResources$1.visit(Activator.java:510)
	at org.eclipse.core.internal.events.ResourceDelta.accept(ResourceDelta.java:63)
	at org.eclipse.core.internal.events.ResourceDelta.accept(ResourceDelta.java:74)
	at org.eclipse.core.internal.events.ResourceDelta.accept(ResourceDelta.java:47)
	at org.eclipse.egit.core.Activator$IgnoreDerivedResources.resourceChanged(Activator.java:495)
	at org.eclipse.core.internal.events.NotificationManager$1.run(NotificationManager.java:299)
	at org.eclipse.core.runtime.SafeRunner.run(SafeRunner.java:42)
	at org.eclipse.core.internal.events.NotificationManager.notify(NotificationManager.java:289)
	at org.eclipse.core.internal.events.NotificationManager.broadcastChanges(NotificationManager.java:152)
	at org.eclipse.core.internal.resources.Workspace.broadcastPostChange(Workspace.java:373)
	at org.eclipse.core.internal.resources.Workspace.endOperation(Workspace.java:1470)
	at org.eclipse.core.internal.resources.InternalWorkspaceJob.run(InternalWorkspaceJob.java:46)
	at org.eclipse.core.internal.jobs.Worker.run(Worker.java:55)
!SESSION 2016-04-06 12:07:25.675 -----------------------------------------------
eclipse.buildId=4.5.1.M20150904-0015
java.version=1.7.0_95
java.vendor=Oracle Corporation
BootLoader constants: OS=linux, ARCH=x86_64, WS=gtk, NL=es_ES
Framework arguments:  -product org.eclipse.epp.package.java.product
Command-line arguments:  -data /home/tron/Dropbox/Aprendizaje Aut./neuro -os linux -ws gtk -arch x86_64 -product org.eclipse.epp.package.java.product

!ENTRY org.eclipse.core.resources 2 10035 2016-04-06 12:07:28.666
!MESSAGE The workspace exited with unsaved changes in the previous session; refreshing workspace to recover changes.

!ENTRY org.eclipse.recommenders.rcp 2 15 2016-04-06 14:10:48.079
!MESSAGE Failed to parse news feed
!STACK 0
java.net.UnknownHostException: www.codetrails.com: Nombre o servicio desconocido
	at java.net.Inet6AddressImpl.lookupAllHostAddr(Native Method)
	at java.net.InetAddress$1.lookupAllHostAddr(InetAddress.java:922)
	at java.net.InetAddress.getAddressesFromNameService(InetAddress.java:1316)
	at java.net.InetAddress.getAllByName0(InetAddress.java:1269)
	at java.net.InetAddress.getAllByName(InetAddress.java:1185)
	at java.net.InetAddress.getAllByName(InetAddress.java:1119)
	at org.apache.http.impl.conn.SystemDefaultDnsResolver.resolve(SystemDefaultDnsResolver.java:44)
	at org.apache.http.impl.conn.HttpClientConnectionOperator.connect(HttpClientConnectionOperator.java:102)
	at org.apache.http.impl.conn.PoolingHttpClientConnectionManager.connect(PoolingHttpClientConnectionManager.java:319)
	at org.apache.http.impl.execchain.MainClientExec.establishRoute(MainClientExec.java:363)
	at org.apache.http.impl.execchain.MainClientExec.execute(MainClientExec.java:219)
	at org.apache.http.impl.execchain.ProtocolExec.execute(ProtocolExec.java:195)
	at org.apache.http.impl.execchain.RetryExec.execute(RetryExec.java:86)
	at org.apache.http.impl.execchain.RedirectExec.execute(RedirectExec.java:108)
	at org.apache.http.impl.client.InternalHttpClient.doExecute(InternalHttpClient.java:184)
	at org.apache.http.impl.client.CloseableHttpClient.execute(CloseableHttpClient.java:82)
	at org.apache.http.impl.client.CloseableHttpClient.execute(CloseableHttpClient.java:57)
	at org.apache.http.client.fluent.Executor.execute(Executor.java:206)
	at org.eclipse.recommenders.internal.rcp.news.CheckForProjectNewsJob.getRSSFeed(CheckForProjectNewsJob.java:138)
	at org.eclipse.recommenders.internal.rcp.news.CheckForProjectNewsJob.doRun(CheckForProjectNewsJob.java:89)
	at org.eclipse.recommenders.internal.rcp.news.CheckForProjectNewsJob.run(CheckForProjectNewsJob.java:62)
	at org.eclipse.core.internal.jobs.Worker.run(Worker.java:55)
!SESSION 2016-04-07 00:58:23.097 -----------------------------------------------
eclipse.buildId=4.5.1.M20150904-0015
java.version=1.7.0_95
java.vendor=Oracle Corporation
BootLoader constants: OS=linux, ARCH=x86_64, WS=gtk, NL=es_ES
Framework arguments:  -product org.eclipse.epp.package.java.product
Command-line arguments:  -data /home/flyn/Dropbox/Aprendizaje Aut./neuro -os linux -ws gtk -arch x86_64 -product org.eclipse.epp.package.java.product

!ENTRY org.eclipse.core.resources 2 10035 2016-04-07 00:58:24.422
!MESSAGE The workspace exited with unsaved changes in the previous session; refreshing workspace to recover changes.
!SESSION 2016-04-08 10:37:43.996 -----------------------------------------------
eclipse.buildId=4.5.1.M20150904-0015
java.version=1.7.0_95
java.vendor=Oracle Corporation
BootLoader constants: OS=linux, ARCH=x86_64, WS=gtk, NL=es_ES
Framework arguments:  -product org.eclipse.epp.package.java.product
Command-line arguments:  -os linux -ws gtk -arch x86_64 -product org.eclipse.epp.package.java.product

!ENTRY org.eclipse.core.resources 2 10035 2016-04-08 10:37:55.739
!MESSAGE The workspace exited with unsaved changes in the previous session; refreshing workspace to recover changes.
!SESSION 2016-04-11 20:32:21.585 -----------------------------------------------
eclipse.buildId=4.5.1.M20150904-0015
java.version=1.7.0_95
java.vendor=Oracle Corporation
BootLoader constants: OS=linux, ARCH=x86_64, WS=gtk, NL=es_ES
Framework arguments:  -product org.eclipse.epp.package.java.product
Command-line arguments:  -os linux -ws gtk -arch x86_64 -product org.eclipse.epp.package.java.product

!ENTRY org.eclipse.core.resources 2 10035 2016-04-11 20:32:58.908
!MESSAGE The workspace exited with unsaved changes in the previous session; refreshing workspace to recover changes.
