

*******************************************************************************
Wed Dec 17 17:31:45 2014


FIT:    data read from 'mult.dat' u 1:3
        format = x:z
        #datapoints = 2
        residuals are weighted equally (unit weight)

function used for fitting: f(x)
fitted parameters initialized with current variable values



 Iteration 0
 WSSR        : 1.18567e+10       delta(WSSR)/WSSR   : 0
 delta(WSSR) : 0                 limit for stopping : 1e-05
 lambda	  : 76965.5

initial set of free parameter values

a               = 1
b               = 1

After 5 iterations the fit converged.
final sum of squares of residuals : 60653.7
rel. change during last iteration : -1.85936e-14


Exactly as many data points as there are parameters.
In this degenerate case, all errors are zero by definition.

Final set of parameters 
======================= 

a               = 0.000175984    
b               = 1.6208         


*******************************************************************************
Wed Dec 17 17:31:45 2014


FIT:    data read from 'mult.dat' u 1:3
        format = x:z
        #datapoints = 2
        residuals are weighted equally (unit weight)

function used for fitting: f1(x)
fitted parameters initialized with current variable values



 Iteration 0
 WSSR        : 1.18567e+10       delta(WSSR)/WSSR   : 0
 delta(WSSR) : 0                 limit for stopping : 1e-05
 lambda	  : 76965.5

initial set of free parameter values

a1              = 1
b1              = 1

After 5 iterations the fit converged.
final sum of squares of residuals : 60653.7
rel. change during last iteration : -1.85936e-14


Exactly as many data points as there are parameters.
In this degenerate case, all errors are zero by definition.

Final set of parameters 
======================= 

a1              = 0.000175984    
b1              = 1.6208         


*******************************************************************************
Wed Dec 17 17:35:44 2014


FIT:    data read from 'mult.dat' u 1:3
        format = x:z
        #datapoints = 34
        residuals are weighted equally (unit weight)

function used for fitting: f(x)
fitted parameters initialized with current variable values



 Iteration 0
 WSSR        : 7.63469e+16       delta(WSSR)/WSSR   : 0
 delta(WSSR) : 0                 limit for stopping : 1e-05
 lambda	  : 4.7363e+07

initial set of free parameter values

a               = 1
b               = 1

After 5 iterations the fit converged.
final sum of squares of residuals : 61123.4
rel. change during last iteration : -8.68709e-12

degrees of freedom    (FIT_NDF)                        : 32
rms of residuals      (FIT_STDFIT) = sqrt(WSSR/ndf)    : 43.7048
variance of residuals (reduced chisquare) = WSSR/ndf   : 1910.11

Final set of parameters            Asymptotic Standard Error
=======================            ==========================

a               = 1.74997e-07      +/- 2.489e+06    (1.422e+15%)
b               = 1.64847          +/- 2.347e+13    (1.424e+15%)


correlation matrix of the fit parameters:

               a      b      
a               1.000 
b               1.000  1.000 


*******************************************************************************
Wed Dec 17 17:35:44 2014


FIT:    data read from 'mult.dat' u 1:3
        format = x:z
        #datapoints = 34
        residuals are weighted equally (unit weight)

function used for fitting: f1(x)
fitted parameters initialized with current variable values



 Iteration 0
 WSSR        : 7.63469e+16       delta(WSSR)/WSSR   : 0
 delta(WSSR) : 0                 limit for stopping : 1e-05
 lambda	  : 4.7363e+07

initial set of free parameter values

a1              = 1
b1              = 1

After 5 iterations the fit converged.
final sum of squares of residuals : 61123.4
rel. change during last iteration : -8.68709e-12

degrees of freedom    (FIT_NDF)                        : 32
rms of residuals      (FIT_STDFIT) = sqrt(WSSR/ndf)    : 43.7048
variance of residuals (reduced chisquare) = WSSR/ndf   : 1910.11

Final set of parameters            Asymptotic Standard Error
=======================            ==========================

a1              = 1.74997e-07      +/- 2.489e+06    (1.422e+15%)
b1              = 1.64847          +/- 2.347e+13    (1.424e+15%)


correlation matrix of the fit parameters:

               a1     b1     
a1              1.000 
b1              1.000  1.000 


*******************************************************************************
Wed Dec 17 17:38:17 2014


FIT:    data read from 'mult.dat' u 1:3
        format = x:z
        #datapoints = 4
        residuals are weighted equally (unit weight)

function used for fitting: f(x)
fitted parameters initialized with current variable values



 Iteration 0
 WSSR        : 1.07566e+12       delta(WSSR)/WSSR   : 0
 delta(WSSR) : 0                 limit for stopping : 1e-05
 lambda	  : 518311

initial set of free parameter values

a               = 1
b               = 1

After 6 iterations the fit converged.
final sum of squares of residuals : 1.06148e-05
rel. change during last iteration : -4.78785e-16

degrees of freedom    (FIT_NDF)                        : 2
rms of residuals      (FIT_STDFIT) = sqrt(WSSR/ndf)    : 0.00230378
variance of residuals (reduced chisquare) = WSSR/ndf   : 5.30739e-06

Final set of parameters            Asymptotic Standard Error
=======================            ==========================

a               = 2.73331e-08      +/- 7.323e+04    (2.679e+14%)
b               = 1.63265          +/- 4.378e+12    (2.682e+14%)


correlation matrix of the fit parameters:

               a      b      
a               1.000 
b               1.000  1.000 


*******************************************************************************
Wed Dec 17 17:38:17 2014


FIT:    data read from 'mult.dat' u 1:3
        format = x:z
        #datapoints = 4
        residuals are weighted equally (unit weight)

function used for fitting: f1(x)
fitted parameters initialized with current variable values



 Iteration 0
 WSSR        : 1.07566e+12       delta(WSSR)/WSSR   : 0
 delta(WSSR) : 0                 limit for stopping : 1e-05
 lambda	  : 518311

initial set of free parameter values

a1              = 1
b1              = 1

After 6 iterations the fit converged.
final sum of squares of residuals : 1.06148e-05
rel. change during last iteration : -4.78785e-16

degrees of freedom    (FIT_NDF)                        : 2
rms of residuals      (FIT_STDFIT) = sqrt(WSSR/ndf)    : 0.00230378
variance of residuals (reduced chisquare) = WSSR/ndf   : 5.30739e-06

Final set of parameters            Asymptotic Standard Error
=======================            ==========================

a1              = 2.73331e-08      +/- 7.323e+04    (2.679e+14%)
b1              = 1.63265          +/- 4.378e+12    (2.682e+14%)


correlation matrix of the fit parameters:

               a1     b1     
a1              1.000 
b1              1.000  1.000 


*******************************************************************************
Wed Dec 17 17:43:53 2014


FIT:    data read from 'mult.dat' u 1:3
        format = x:z
        #datapoints = 9
        residuals are weighted equally (unit weight)

function used for fitting: f(x)
fitted parameters initialized with current variable values



 Iteration 0
 WSSR        : 4.92055e+12       delta(WSSR)/WSSR   : 0
 delta(WSSR) : 0                 limit for stopping : 1e-05
 lambda	  : 739041

initial set of free parameter values

a               = 1
b               = 1

After 5 iterations the fit converged.
final sum of squares of residuals : 0.000336175
rel. change during last iteration : -3.4061e-06

degrees of freedom    (FIT_NDF)                        : 7
rms of residuals      (FIT_STDFIT) = sqrt(WSSR/ndf)    : 0.00693001
variance of residuals (reduced chisquare) = WSSR/ndf   : 4.8025e-05

Final set of parameters            Asymptotic Standard Error
=======================            ==========================

a               = 1.17562e-08      +/- 3.807e+04    (3.238e+14%)
b               = 1.64185          +/- 5.321e+12    (3.241e+14%)


correlation matrix of the fit parameters:

               a      b      
a               1.000 
b               1.000  1.000 


*******************************************************************************
Wed Dec 17 17:43:53 2014


FIT:    data read from 'mult.dat' u 1:3
        format = x:z
        #datapoints = 9
        residuals are weighted equally (unit weight)

function used for fitting: f1(x)
fitted parameters initialized with current variable values



 Iteration 0
 WSSR        : 4.92055e+12       delta(WSSR)/WSSR   : 0
 delta(WSSR) : 0                 limit for stopping : 1e-05
 lambda	  : 739041

initial set of free parameter values

a1              = 1
b1              = 1

After 5 iterations the fit converged.
final sum of squares of residuals : 0.000336175
rel. change during last iteration : -3.4061e-06

degrees of freedom    (FIT_NDF)                        : 7
rms of residuals      (FIT_STDFIT) = sqrt(WSSR/ndf)    : 0.00693001
variance of residuals (reduced chisquare) = WSSR/ndf   : 4.8025e-05

Final set of parameters            Asymptotic Standard Error
=======================            ==========================

a1              = 1.17562e-08      +/- 3.807e+04    (3.238e+14%)
b1              = 1.64185          +/- 5.321e+12    (3.241e+14%)


correlation matrix of the fit parameters:

               a1     b1     
a1              1.000 
b1              1.000  1.000 


*******************************************************************************
Wed Dec 17 17:44:33 2014


FIT:    data read from 'mult.dat' u 1:3
        format = x:z
        #datapoints = 5
        residuals are weighted equally (unit weight)

function used for fitting: f(x)
fitted parameters initialized with current variable values



 Iteration 0
 WSSR        : 3.84489e+12       delta(WSSR)/WSSR   : 0
 delta(WSSR) : 0                 limit for stopping : 1e-05
 lambda	  : 876476

initial set of free parameter values

a               = 1
b               = 1

After 6 iterations the fit converged.
final sum of squares of residuals : 3.0099e-06
rel. change during last iteration : -5.62832e-16

degrees of freedom    (FIT_NDF)                        : 3
rms of residuals      (FIT_STDFIT) = sqrt(WSSR/ndf)    : 0.00100165
variance of residuals (reduced chisquare) = WSSR/ndf   : 1.0033e-06

Final set of parameters            Asymptotic Standard Error
=======================            ==========================

a               = 1.32977e-08      +/- 9911         (7.453e+13%)
b               = 1.6357           +/- 1.22e+12     (7.46e+13%)


correlation matrix of the fit parameters:

               a      b      
a               1.000 
b               1.000  1.000 


*******************************************************************************
Wed Dec 17 17:44:33 2014


FIT:    data read from 'mult.dat' u 1:3
        format = x:z
        #datapoints = 5
        residuals are weighted equally (unit weight)

function used for fitting: f1(x)
fitted parameters initialized with current variable values



 Iteration 0
 WSSR        : 3.84489e+12       delta(WSSR)/WSSR   : 0
 delta(WSSR) : 0                 limit for stopping : 1e-05
 lambda	  : 876476

initial set of free parameter values

a1              = 1
b1              = 1

After 6 iterations the fit converged.
final sum of squares of residuals : 3.0099e-06
rel. change during last iteration : -5.62832e-16

degrees of freedom    (FIT_NDF)                        : 3
rms of residuals      (FIT_STDFIT) = sqrt(WSSR/ndf)    : 0.00100165
variance of residuals (reduced chisquare) = WSSR/ndf   : 1.0033e-06

Final set of parameters            Asymptotic Standard Error
=======================            ==========================

a1              = 1.32977e-08      +/- 9911         (7.453e+13%)
b1              = 1.6357           +/- 1.22e+12     (7.46e+13%)


correlation matrix of the fit parameters:

               a1     b1     
a1              1.000 
b1              1.000  1.000 


*******************************************************************************
Wed Dec 17 17:48:21 2014


FIT:    data read from 'mult.dat' u 1:3
        format = x:z
        #datapoints = 33
        residuals are weighted equally (unit weight)

function used for fitting: f(x)
fitted parameters initialized with current variable values



 Iteration 0
 WSSR        : 7.63469e+16       delta(WSSR)/WSSR   : 0
 delta(WSSR) : 0                 limit for stopping : 1e-05
 lambda	  : 4.80753e+07

initial set of free parameter values

a               = 1
b               = 1

After 5 iterations the fit converged.
final sum of squares of residuals : 82.7425
rel. change during last iteration : -6.87807e-09

degrees of freedom    (FIT_NDF)                        : 31
rms of residuals      (FIT_STDFIT) = sqrt(WSSR/ndf)    : 1.63374
variance of residuals (reduced chisquare) = WSSR/ndf   : 2.66911

Final set of parameters            Asymptotic Standard Error
=======================            ==========================

a               = 2.00261e-07      +/- 8.099e+04    (4.044e+13%)
b               = 1.64839          +/- 6.673e+11    (4.048e+13%)


correlation matrix of the fit parameters:

               a      b      
a               1.000 
b               1.000  1.000 


*******************************************************************************
Wed Dec 17 17:48:21 2014


FIT:    data read from 'mult.dat' u 1:3
        format = x:z
        #datapoints = 33
        residuals are weighted equally (unit weight)

function used for fitting: f1(x)
fitted parameters initialized with current variable values



 Iteration 0
 WSSR        : 7.63469e+16       delta(WSSR)/WSSR   : 0
 delta(WSSR) : 0                 limit for stopping : 1e-05
 lambda	  : 4.80753e+07

initial set of free parameter values

a1              = 1
b1              = 1

After 5 iterations the fit converged.
final sum of squares of residuals : 82.7425
rel. change during last iteration : -6.87807e-09

degrees of freedom    (FIT_NDF)                        : 31
rms of residuals      (FIT_STDFIT) = sqrt(WSSR/ndf)    : 1.63374
variance of residuals (reduced chisquare) = WSSR/ndf   : 2.66911

Final set of parameters            Asymptotic Standard Error
=======================            ==========================

a1              = 2.00261e-07      +/- 8.099e+04    (4.044e+13%)
b1              = 1.64839          +/- 6.673e+11    (4.048e+13%)


correlation matrix of the fit parameters:

               a1     b1     
a1              1.000 
b1              1.000  1.000 


*******************************************************************************
Wed Dec 17 17:51:24 2014


FIT:    data read from 'mult.dat' u 1:3
        format = x:z
        #datapoints = 33
        residuals are weighted equally (unit weight)

function used for fitting: f(x)
fitted parameters initialized with current variable values



 Iteration 0
 WSSR        : 7.63453e+12       delta(WSSR)/WSSR   : 0
 delta(WSSR) : 0                 limit for stopping : 1e-05
 lambda	  : 340113

initial set of free parameter values

a               = 1
b               = 1

After 9 iterations the fit converged.
final sum of squares of residuals : 51.8124
rel. change during last iteration : -1.13961e-13

degrees of freedom    (FIT_NDF)                        : 31
rms of residuals      (FIT_STDFIT) = sqrt(WSSR/ndf)    : 1.29281
variance of residuals (reduced chisquare) = WSSR/ndf   : 1.67137

Final set of parameters            Asymptotic Standard Error
=======================            ==========================

a               = 1.43644e-05      +/- 6.958e-07    (4.844%)
b               = -1.43975         +/- 0.3347       (23.25%)


correlation matrix of the fit parameters:

               a      b      
a               1.000 
b              -0.740  1.000 


*******************************************************************************
Wed Dec 17 17:52:18 2014


FIT:    data read from 'mult2.dat' u 1:3
        format = x:z
        #datapoints = 33
        residuals are weighted equally (unit weight)

function used for fitting: f1(x)
fitted parameters initialized with current variable values



 Iteration 0
 WSSR        : 7.63461e+12       delta(WSSR)/WSSR   : 0
 delta(WSSR) : 0                 limit for stopping : 1e-05
 lambda	  : 340113

initial set of free parameter values

a1              = 1
b1              = 1

After 9 iterations the fit converged.
final sum of squares of residuals : 27.5667
rel. change during last iteration : -1.27846e-13

degrees of freedom    (FIT_NDF)                        : 31
rms of residuals      (FIT_STDFIT) = sqrt(WSSR/ndf)    : 0.943
variance of residuals (reduced chisquare) = WSSR/ndf   : 0.889249

Final set of parameters            Asymptotic Standard Error
=======================            ==========================

a1              = 8.39992e-06      +/- 5.075e-07    (6.042%)
b1              = -0.889096        +/- 0.2441       (27.46%)


correlation matrix of the fit parameters:

               a1     b1     
a1              1.000 
b1             -0.740  1.000 


*******************************************************************************
Wed Dec 17 18:00:45 2014


FIT:    data read from 'mult.dat' u 1:3
        format = x:z
        #datapoints = 33
        residuals are weighted equally (unit weight)

function used for fitting: f(x)
fitted parameters initialized with current variable values



 Iteration 0
 WSSR        : 7.63469e+16       delta(WSSR)/WSSR   : 0
 delta(WSSR) : 0                 limit for stopping : 1e-05
 lambda	  : 4.80753e+07

initial set of free parameter values

a               = 1
b               = 1

After 5 iterations the fit converged.
final sum of squares of residuals : 74.6941
rel. change during last iteration : -7.61923e-09

degrees of freedom    (FIT_NDF)                        : 31
rms of residuals      (FIT_STDFIT) = sqrt(WSSR/ndf)    : 1.55225
variance of residuals (reduced chisquare) = WSSR/ndf   : 2.40949

Final set of parameters            Asymptotic Standard Error
=======================            ==========================

a               = 2.02438e-07      +/- 6.193e+04    (3.059e+13%)
b               = 1.64839          +/- 5.048e+11    (3.063e+13%)


correlation matrix of the fit parameters:

               a      b      
a               1.000 
b               1.000  1.000 


*******************************************************************************
Wed Dec 17 18:00:45 2014


FIT:    data read from 'mult1.dat' u 1:3
        format = x:z
        #datapoints = 33
        residuals are weighted equally (unit weight)

function used for fitting: f1(x)
fitted parameters initialized with current variable values



 Iteration 0
 WSSR        : 7.63469e+16       delta(WSSR)/WSSR   : 0
 delta(WSSR) : 0                 limit for stopping : 1e-05
 lambda	  : 4.80753e+07

initial set of free parameter values

a1              = 1
b1              = 1

After 5 iterations the fit converged.
final sum of squares of residuals : 23.2303
rel. change during last iteration : -2.44975e-08

degrees of freedom    (FIT_NDF)                        : 31
rms of residuals      (FIT_STDFIT) = sqrt(WSSR/ndf)    : 0.865658
variance of residuals (reduced chisquare) = WSSR/ndf   : 0.749363

Final set of parameters            Asymptotic Standard Error
=======================            ==========================

a1              = 1.1195e-07       +/- 5.01e+04     (4.475e+13%)
b1              = 1.64839          +/- 7.384e+11    (4.479e+13%)


correlation matrix of the fit parameters:

               a1     b1     
a1              1.000 
b1              1.000  1.000 
