    ____  ____
   /   /\/   /
  /___/  \  /    VENDOR      : Xilinx Inc.
  \   \   \/     VERSION     : 14.1 (P.15xf)
   \   \         APPLICATION : C:\Xilinx\14.1\ISE_DS\ISE\bin\nt\unwrapped\compxlib.exe
   /   /         CONTENTS    : Compilation Log
  /___/   /\     FILENAME    : compxlib.log
  \   \  /  \    
   \___\/\___\

Release 14.1 - C:\Xilinx\14.1\ISE_DS\ISE\bin\nt\unwrapped\compxlib.exe 14.1 (nt)
Copyright (c) 1995-2012 Xilinx, Inc.  All rights reserved.

Processing command line ...
Library Source Paths => 'C:/Xilinx/14.1/ISE_DS/ISE'
Current Working Directory => 'C:\Documents and Settings\e283096\Escritorio\practica5'
Compilation Mode = FAST
Execute Mode = ON
Scheduling library installation & compilation for architectures: spartan3

Scheduling library installation & compilation for libraries: simprim unisim xilinxcorelib edk

Signature:-
------------------------------------------------------------------------------
C:\Xilinx\14.1\ISE_DS\ISE\bin\nt\unwrapped\compxlib.exe -s mti_se -l vhdl -p C:/modeltech_10.1a/win32 -arch spartan3 -lib unisim -lib simprim -lib xilinxcorelib -lib edk -exclude_superseded -intstyle ise 
------------------------------------------------------------------------------

Setting up the simulator 'mti_se' for compilation ...
The executable path is set to 'C:/modeltech_10.1a/win32' ...
Setting up the source libraries for simulator 'mti_se' ...
Retrieving the .pao files for EDK library ...
Building the library hierarchies from the .pao files for EDK library ...
Assigning the netlist files to the hierarchies for EDK library ...



Compiling Xilinx HDL Libraries for 'mti_se' simulator
Model Technology ModelSim SE vcom 10.1a Compiler 2012.02 Feb 22 2012
Language => 'vhdl,verilog'
The modelsim.ini file not found, create it.
Output directory => 'C:\Xilinx\14.1\ISE_DS\ISE'


Library vhdl.unisim:vhdl.unimacro will not be compiled, because precompiled info is up to date.

Library vhdl.unisim will not be compiled, because precompiled info is up to date.
compxlib[vhdl.unisim]: 0 error(s), 0 warning(s), 14.29 % complete



Library verilog.unisim:verilog.unimacro will not be compiled, because precompiled info is up to date.

Library verilog.unisim will not be compiled, because precompiled info is up to date.
compxlib[verilog.unisim]: 0 error(s), 0 warning(s), 28.57 % complete



Library vhdl.simprim will not be compiled, because precompiled info is up to date.
compxlib[vhdl.simprim]: 0 error(s), 0 warning(s), 42.86 % complete



Library verilog.simprim will not be compiled, because precompiled info is up to date.
compxlib[verilog.simprim]: 0 error(s), 0 warning(s), 57.14 % complete



Library vhdl.xilinxcorelib will not be compiled, because precompiled info is up to date.
compxlib[vhdl.xilinxcorelib]: 0 error(s), 350 warning(s), 71.43 % complete



Library verilog.xilinxcorelib will not be compiled, because precompiled info is up to date.
compxlib[verilog.xilinxcorelib]: 0 error(s), 1 warning(s), 85.71 % complete


Generating the file - 'C:\Xilinx\14.1\ISE_DS\ISE/.compedklib_ise_info' for EDK ...

Library edk:cdn_axi3_master_bfm_wrap_v1_00_a will be compiled, because no precompiled info.
Exclude Superseded EDK child library cdn_axi3_master_bfm_wrap_v1_00_a.

Library edk:cdn_axi3_master_bfm_wrap_v2_01_a will not be compiled, because precompiled info is up to date.
compxlib[edk:cdn_axi3_master_bfm_wrap_v2_01_a]: 0 error(s), 0 warning(s), 0.56 % complete

Exclude Superseded EDK child library cdn_axi3_slave_bfm_wrap_v1_00_a.

Library edk:cdn_axi3_slave_bfm_wrap_v2_01_a will not be compiled, because precompiled info is up to date.
compxlib[edk:cdn_axi3_slave_bfm_wrap_v2_01_a]: 0 error(s), 0 warning(s), 1.12 % complete

Exclude Superseded EDK child library cdn_axi4_lite_master_bfm_wrap_v1_00_a.
Exclude Superseded EDK child library cdn_axi4_lite_master_bfm_wrap_v2_00_a.

Library edk:cdn_axi4_lite_master_bfm_wrap_v2_01_a will not be compiled, because precompiled info is up to date.
compxlib[edk:cdn_axi4_lite_master_bfm_wrap_v2_01_a]: 0 error(s), 0 warning(s), 1.96 % complete

Exclude Superseded EDK child library cdn_axi4_lite_slave_bfm_wrap_v1_00_a.
Exclude Superseded EDK child library cdn_axi4_lite_slave_bfm_wrap_v2_00_a.

Library edk:cdn_axi4_lite_slave_bfm_wrap_v2_01_a will not be compiled, because precompiled info is up to date.
compxlib[edk:cdn_axi4_lite_slave_bfm_wrap_v2_01_a]: 0 error(s), 0 warning(s), 2.80 % complete

Exclude Superseded EDK child library cdn_axi4_master_bfm_wrap_v1_00_a.
Exclude Superseded EDK child library cdn_axi4_master_bfm_wrap_v2_00_a.

Library edk:cdn_axi4_master_bfm_wrap_v2_01_a will not be compiled, because precompiled info is up to date.
compxlib[edk:cdn_axi4_master_bfm_wrap_v2_01_a]: 0 error(s), 0 warning(s), 3.64 % complete

Exclude Superseded EDK child library cdn_axi4_slave_bfm_wrap_v1_00_a.
Exclude Superseded EDK child library cdn_axi4_slave_bfm_wrap_v2_00_a.

Library edk:cdn_axi4_slave_bfm_wrap_v2_01_a will not be compiled, because precompiled info is up to date.
compxlib[edk:cdn_axi4_slave_bfm_wrap_v2_01_a]: 0 error(s), 0 warning(s), 4.48 % complete

Exclude Superseded EDK child library cdn_axi4_streaming_master_bfm_wrap_v1_00_a.

Library edk:cdn_axi4_streaming_master_bfm_wrap_v2_01_a will not be compiled, because precompiled info is up to date.
compxlib[edk:cdn_axi4_streaming_master_bfm_wrap_v2_01_a]: 0 error(s), 0 warning(s), 5.04 % complete

Exclude Superseded EDK child library cdn_axi4_streaming_slave_bfm_wrap_v1_00_a.

Library edk:cdn_axi4_streaming_slave_bfm_wrap_v2_01_a will not be compiled, because precompiled info is up to date.
compxlib[edk:cdn_axi4_streaming_slave_bfm_wrap_v2_01_a]: 0 error(s), 0 warning(s), 5.60 % complete


Library edk:proc_common_v3_00_a will not be compiled, because precompiled info is up to date.
compxlib[edk:proc_common_v3_00_a]: 0 error(s), 0 warning(s), 5.88 % complete


Library edk:ahblite_axi_bridge_v1_00_a will not be compiled, because precompiled info is up to date.
compxlib[edk:ahblite_axi_bridge_v1_00_a]: 0 error(s), 0 warning(s), 6.16 % complete


Library edk:common_v1_00_a will not be compiled, because precompiled info is up to date.
compxlib[edk:common_v1_00_a]: 0 error(s), 0 warning(s), 6.44 % complete


Library edk:apu_fpu_v3_10_a will not be compiled, because precompiled info is up to date.
compxlib[edk:apu_fpu_v3_10_a]: 0 error(s), 0 warning(s), 6.72 % complete


Library edk:apu_fpu_virtex5_v1_01_a will not be compiled, because precompiled info is up to date.
compxlib[edk:apu_fpu_virtex5_v1_01_a]: 0 error(s), 0 warning(s), 7.00 % complete


Library edk:axi2axi_connector_v1_00_a will not be compiled, because precompiled info is up to date.
compxlib[edk:axi2axi_connector_v1_00_a]: 0 error(s), 0 warning(s), 7.28 % complete

Exclude Superseded EDK child library axi_7series_ddrx_v1_03_a.

Library edk:axi_7series_ddrx_v1_04_a will not be compiled, because precompiled info is up to date.
compxlib[edk:axi_7series_ddrx_v1_04_a]: 0 error(s), 0 warning(s), 7.84 % complete


Library edk:axi_ahblite_bridge_v1_00_a will not be compiled, because precompiled info is up to date.
compxlib[edk:axi_ahblite_bridge_v1_00_a]: 0 error(s), 0 warning(s), 8.12 % complete


Library edk:axi_apb_bridge_v1_00_a will not be compiled, because precompiled info is up to date.
compxlib[edk:axi_apb_bridge_v1_00_a]: 0 error(s), 0 warning(s), 8.40 % complete


Library edk:axi_bram_ctrl_v1_03_a will not be compiled, because precompiled info is up to date.
compxlib[edk:axi_bram_ctrl_v1_03_a]: 0 error(s), 0 warning(s), 8.68 % complete


Library edk:lib_common_v1_00_a will not be compiled, because precompiled info is up to date.
compxlib[edk:lib_common_v1_00_a]: 0 error(s), 0 warning(s), 8.96 % complete


Library edk:axi_lite_ipif_v1_01_a will not be compiled, because precompiled info is up to date.
compxlib[edk:axi_lite_ipif_v1_01_a]: 0 error(s), 0 warning(s), 9.24 % complete

Exclude Superseded EDK child library axi_can_v1_01_a.
Exclude Superseded EDK child library axi_can_v1_02_a.

Library edk:axi_can_v1_03_a will not be compiled, because precompiled info is up to date.
compxlib[edk:axi_can_v1_03_a]: 0 error(s), 0 warning(s), 10.08 % complete


Library edk:axi_datamover_v1_00_a will not be compiled, because precompiled info is up to date.
compxlib[edk:axi_datamover_v1_00_a]: 0 error(s), 0 warning(s), 10.36 % complete


Library edk:axi_sg_v1_00_a will not be compiled, because precompiled info is up to date.
compxlib[edk:axi_sg_v1_00_a]: 0 error(s), 0 warning(s), 10.64 % complete

Exclude Superseded EDK child library axi_cdma_v1_00_a.

Library edk:axi_sg_v2_00_a will not be compiled, because precompiled info is up to date.
compxlib[edk:axi_sg_v2_00_a]: 0 error(s), 0 warning(s), 11.20 % complete

Exclude Superseded EDK child library axi_cdma_v2_00_a.

Library edk:axi_datamover_v2_00_a will not be compiled, because precompiled info is up to date.
compxlib[edk:axi_datamover_v2_00_a]: 0 error(s), 0 warning(s), 11.76 % complete


Library edk:axi_sg_v2_01_a will not be compiled, because precompiled info is up to date.
compxlib[edk:axi_sg_v2_01_a]: 0 error(s), 0 warning(s), 12.04 % complete

Exclude Superseded EDK child library axi_cdma_v3_00_a.

Library edk:axi_datamover_v2_01_a will not be compiled, because precompiled info is up to date.
compxlib[edk:axi_datamover_v2_01_a]: 0 error(s), 0 warning(s), 12.61 % complete


Library edk:axi_sg_v2_02_a will not be compiled, because precompiled info is up to date.
compxlib[edk:axi_sg_v2_02_a]: 0 error(s), 0 warning(s), 12.89 % complete

Exclude Superseded EDK child library axi_cdma_v3_01_a.

Library edk:axi_datamover_v3_00_a will not be compiled, because precompiled info is up to date.
compxlib[edk:axi_datamover_v3_00_a]: 0 error(s), 0 warning(s), 13.45 % complete


Library edk:axi_sg_v3_00_a will not be compiled, because precompiled info is up to date.
compxlib[edk:axi_sg_v3_00_a]: 0 error(s), 0 warning(s), 13.73 % complete

Exclude Superseded EDK child library axi_cdma_v3_02_a.

Library edk:axi_datamover_v4_00_a will not be compiled, because precompiled info is up to date.
compxlib[edk:axi_datamover_v4_00_a]: 0 error(s), 0 warning(s), 14.29 % complete


Library edk:axi_sg_v4_00_a will not be compiled, because precompiled info is up to date.
compxlib[edk:axi_sg_v4_00_a]: 0 error(s), 0 warning(s), 14.57 % complete


Library edk:axi_cdma_v3_03_a will not be compiled, because precompiled info is up to date.
compxlib[edk:axi_cdma_v3_03_a]: 0 error(s), 0 warning(s), 14.85 % complete

Exclude Superseded EDK child library axi_dma_v1_00_a.
Exclude Superseded EDK child library axi_dma_v2_00_a.
Exclude Superseded EDK child library axi_dma_v3_00_a.
Exclude Superseded EDK child library axi_dma_v4_00_a.

Library edk:axi_dma_v5_00_a will not be compiled, because precompiled info is up to date.
compxlib[edk:axi_dma_v5_00_a]: 0 error(s), 0 warning(s), 16.25 % complete


Library edk:axi_dma_v6_00_a will not be compiled, because precompiled info is up to date.
compxlib[edk:axi_dma_v6_00_a]: 0 error(s), 0 warning(s), 16.53 % complete


Library edk:axi_lite_ipif_v1_00_a will not be compiled, because precompiled info is up to date.
compxlib[edk:axi_lite_ipif_v1_00_a]: 0 error(s), 0 warning(s), 16.81 % complete


Library edk:axi_slave_burst_v1_00_a will not be compiled, because precompiled info is up to date.
compxlib[edk:axi_slave_burst_v1_00_a]: 0 error(s), 1 warning(s), 17.09 % complete


Library edk:emc_common_v5_00_a will not be compiled, because precompiled info is up to date.
compxlib[edk:emc_common_v5_00_a]: 0 error(s), 0 warning(s), 17.37 % complete


Library edk:axi_emc_v1_00_a will not be compiled, because precompiled info is up to date.
compxlib[edk:axi_emc_v1_00_a]: 0 error(s), 0 warning(s), 17.65 % complete


Library edk:emc_common_v5_01_a will not be compiled, because precompiled info is up to date.
compxlib[edk:emc_common_v5_01_a]: 0 error(s), 0 warning(s), 17.93 % complete

Exclude Superseded EDK child library axi_emc_v1_01_a.

Library edk:emc_common_v5_02_a will not be compiled, because precompiled info is up to date.
compxlib[edk:emc_common_v5_02_a]: 0 error(s), 0 warning(s), 18.49 % complete


Library edk:axi_emc_v1_02_a will not be compiled, because precompiled info is up to date.
compxlib[edk:axi_emc_v1_02_a]: 0 error(s), 1 warning(s), 18.77 % complete


Library edk:emc_common_v5_03_a will not be compiled, because precompiled info is up to date.
compxlib[edk:emc_common_v5_03_a]: 0 error(s), 0 warning(s), 19.05 % complete


Library edk:axi_emc_v1_03_a will not be compiled, because precompiled info is up to date.
compxlib[edk:axi_emc_v1_03_a]: 0 error(s), 1 warning(s), 19.33 % complete


Library edk:axi_enhanced_pcie_v1_00_a will not be compiled, because precompiled info is up to date.
compxlib[edk:axi_enhanced_pcie_v1_00_a]: 0 error(s), 0 warning(s), 19.61 % complete


Library edk:axi_enhanced_pcie_v1_02_a will not be compiled, because precompiled info is up to date.
compxlib[edk:axi_enhanced_pcie_v1_02_a]: 0 error(s), 0 warning(s), 19.89 % complete


Library edk:axi_enhanced_pcie_v1_03_a will not be compiled, because precompiled info is up to date.
compxlib[edk:axi_enhanced_pcie_v1_03_a]: 0 error(s), 0 warning(s), 20.17 % complete


Library edk:axi_epc_v1_00_a will not be compiled, because precompiled info is up to date.
compxlib[edk:axi_epc_v1_00_a]: 0 error(s), 0 warning(s), 20.45 % complete


Library edk:lib_common_v1_01_a will not be compiled, because precompiled info is up to date.
compxlib[edk:lib_common_v1_01_a]: 0 error(s), 0 warning(s), 20.73 % complete


Library edk:axi_ethernet_avb_wrap_v1_01_a will not be compiled, because precompiled info is up to date.
compxlib[edk:axi_ethernet_avb_wrap_v1_01_a]: 0 error(s), 0 warning(s), 21.01 % complete


Library edk:axi_ethernet_avb_wrap_v2_01_a will not be compiled, because precompiled info is up to date.
compxlib[edk:axi_ethernet_avb_wrap_v2_01_a]: 0 error(s), 0 warning(s), 21.29 % complete


Library edk:axi_ethernet_avb_wrap_v3_00_a will not be compiled, because precompiled info is up to date.
compxlib[edk:axi_ethernet_avb_wrap_v3_00_a]: 0 error(s), 0 warning(s), 21.57 % complete


Library edk:axi_ethernet_pcs_pma_wrap_v1_01_a will not be compiled, because precompiled info is up to date.
compxlib[edk:axi_ethernet_pcs_pma_wrap_v1_01_a]: 0 error(s), 0 warning(s), 21.85 % complete


Library edk:axi_ethernet_pcs_pma_wrap_v2_01_a will not be compiled, because precompiled info is up to date.
compxlib[edk:axi_ethernet_pcs_pma_wrap_v2_01_a]: 0 error(s), 0 warning(s), 22.13 % complete


Library edk:axi_ethernet_pcs_pma_wrap_v3_00_a will not be compiled, because precompiled info is up to date.
compxlib[edk:axi_ethernet_pcs_pma_wrap_v3_00_a]: 0 error(s), 0 warning(s), 22.41 % complete


Library edk:axi_ethernet_pcs_pma_wrap_v3_01_a will not be compiled, because precompiled info is up to date.
compxlib[edk:axi_ethernet_pcs_pma_wrap_v3_01_a]: 0 error(s), 0 warning(s), 22.69 % complete


Library edk:axi_ethernet_soft_temac_wrap_v1_01_a will not be compiled, because precompiled info is up to date.
compxlib[edk:axi_ethernet_soft_temac_wrap_v1_01_a]: 0 error(s), 0 warning(s), 22.97 % complete


Library edk:axi_ethernet_soft_temac_wrap_v2_00_a will not be compiled, because precompiled info is up to date.
compxlib[edk:axi_ethernet_soft_temac_wrap_v2_00_a]: 0 error(s), 0 warning(s), 23.25 % complete


Library edk:axi_ethernet_soft_temac_wrap_v2_01_a will not be compiled, because precompiled info is up to date.
compxlib[edk:axi_ethernet_soft_temac_wrap_v2_01_a]: 0 error(s), 0 warning(s), 23.53 % complete


Library edk:axi_ethernet_soft_temac_wrap_v3_00_a will not be compiled, because precompiled info is up to date.
compxlib[edk:axi_ethernet_soft_temac_wrap_v3_00_a]: 0 error(s), 0 warning(s), 23.81 % complete


Library edk:axi_ethernet_soft_temac_wrap_v3_01_a will not be compiled, because precompiled info is up to date.
compxlib[edk:axi_ethernet_soft_temac_wrap_v3_01_a]: 0 error(s), 0 warning(s), 24.09 % complete


Library edk:axi_ethernet_stat_wrap_v1_01_a will not be compiled, because precompiled info is up to date.
compxlib[edk:axi_ethernet_stat_wrap_v1_01_a]: 0 error(s), 0 warning(s), 24.37 % complete


Library edk:axi_ethernet_stat_wrap_v2_01_a will not be compiled, because precompiled info is up to date.
compxlib[edk:axi_ethernet_stat_wrap_v2_01_a]: 0 error(s), 0 warning(s), 24.65 % complete

Exclude Superseded EDK child library axi_ethernet_v1_01_a.
Exclude Superseded EDK child library axi_ethernet_v2_00_a.
Exclude Superseded EDK child library axi_ethernet_v2_01_a.

Library edk:axi_ethernet_v3_00_a will not be compiled, because precompiled info is up to date.
compxlib[edk:axi_ethernet_v3_00_a]: 0 error(s), 0 warning(s), 25.77 % complete


Library edk:axi_ethernet_v3_01_a will not be compiled, because precompiled info is up to date.
compxlib[edk:axi_ethernet_v3_01_a]: 0 error(s), 0 warning(s), 26.05 % complete

Exclude Superseded EDK child library axi_ethernetlite_v1_00_a.
Exclude Superseded EDK child library axi_ethernetlite_v1_01_a.

Library edk:axi_ethernetlite_v1_01_b will not be compiled, because precompiled info is up to date.
compxlib[edk:axi_ethernetlite_v1_01_b]: 0 error(s), 1 warning(s), 26.89 % complete


Library edk:axi_ext_master_conn_v1_00_a will not be compiled, because precompiled info is up to date.
compxlib[edk:axi_ext_master_conn_v1_00_a]: 0 error(s), 0 warning(s), 27.17 % complete


Library edk:axi_ext_slave_conn_v1_00_a will not be compiled, because precompiled info is up to date.
compxlib[edk:axi_ext_slave_conn_v1_00_a]: 0 error(s), 0 warning(s), 27.45 % complete

Exclude Superseded EDK child library axi_fifo_mm_s_v1_00_a.

Library edk:axi_fifo_mm_s_v2_00_a will not be compiled, because precompiled info is up to date.
compxlib[edk:axi_fifo_mm_s_v2_00_a]: 0 error(s), 0 warning(s), 28.01 % complete


Library edk:interrupt_control_v2_01_a will not be compiled, because precompiled info is up to date.
compxlib[edk:interrupt_control_v2_01_a]: 0 error(s), 0 warning(s), 28.29 % complete

Exclude Superseded EDK child library axi_gpio_v1_01_a.

Library edk:axi_gpio_v1_01_b will not be compiled, because precompiled info is up to date.
compxlib[edk:axi_gpio_v1_01_b]: 0 error(s), 0 warning(s), 28.85 % complete


Library edk:hwicap_v7_00_a will not be compiled, because precompiled info is up to date.
compxlib[edk:hwicap_v7_00_a]: 0 error(s), 0 warning(s), 29.13 % complete

Exclude Superseded EDK child library axi_hwicap_v1_00_a.
Exclude Superseded EDK child library axi_hwicap_v2_00_a.
Exclude Superseded EDK child library axi_hwicap_v2_01_a.

Library edk:axi_hwicap_v2_02_a will not be compiled, because precompiled info is up to date.
compxlib[edk:axi_hwicap_v2_02_a]: 0 error(s), 0 warning(s), 30.25 % complete

Exclude Superseded EDK child library axi_iic_v1_01_a.

Library edk:axi_iic_v1_01_b will not be compiled, because precompiled info is up to date.
compxlib[edk:axi_iic_v1_01_b]: 0 error(s), 0 warning(s), 30.81 % complete


Library edk:axi_iic_v1_02_a will not be compiled, because precompiled info is up to date.
compxlib[edk:axi_iic_v1_02_a]: 0 error(s), 0 warning(s), 31.09 % complete

Exclude Superseded EDK child library axi_intc_v1_00_a.

Library edk:axi_intc_v1_01_a will not be compiled, because precompiled info is up to date.
compxlib[edk:axi_intc_v1_01_a]: 0 error(s), 0 warning(s), 31.65 % complete


Library edk:axi_intc_v1_02_a will not be compiled, because precompiled info is up to date.
compxlib[edk:axi_intc_v1_02_a]: 0 error(s), 0 warning(s), 31.93 % complete

Exclude Superseded EDK child library axi_interconnect_v1_04_a.
Exclude Superseded EDK child library axi_interconnect_v1_05_a.

Library edk:axi_interconnect_v1_06_a will not be compiled, because precompiled info is up to date.
compxlib[edk:axi_interconnect_v1_06_a]: 0 error(s), 0 warning(s), 32.77 % complete


Library edk:axi_master_burst_v1_00_a will not be compiled, because precompiled info is up to date.
compxlib[edk:axi_master_burst_v1_00_a]: 0 error(s), 0 warning(s), 33.05 % complete


Library edk:axi_master_lite_v1_00_a will not be compiled, because precompiled info is up to date.
compxlib[edk:axi_master_lite_v1_00_a]: 0 error(s), 0 warning(s), 33.33 % complete


Library edk:axi_master_lite_v2_00_a will not be compiled, because precompiled info is up to date.
compxlib[edk:axi_master_lite_v2_00_a]: 0 error(s), 0 warning(s), 33.61 % complete


Library edk:axi_pcie_mm_s_v1_00_a will not be compiled, because precompiled info is up to date.
compxlib[edk:axi_pcie_mm_s_v1_00_a]: 0 error(s), 6 warning(s), 33.89 % complete


Library edk:axi_pcie_mm_s_v1_02_a will not be compiled, because precompiled info is up to date.
compxlib[edk:axi_pcie_mm_s_v1_02_a]: 0 error(s), 6 warning(s), 34.17 % complete


Library edk:axi_pcie_mm_s_v1_03_a will not be compiled, because precompiled info is up to date.
compxlib[edk:axi_pcie_mm_s_v1_03_a]: 0 error(s), 6 warning(s), 34.45 % complete

Exclude Superseded EDK child library axi_pcie_v1_00_a.

Library edk:axi_pcie_v1_02_a will not be compiled, because precompiled info is up to date.
compxlib[edk:axi_pcie_v1_02_a]: 0 error(s), 0 warning(s), 35.01 % complete


Library edk:axi_pcie_v1_03_a will not be compiled, because precompiled info is up to date.
compxlib[edk:axi_pcie_v1_03_a]: 0 error(s), 0 warning(s), 35.29 % complete


Library edk:axi_perf_mon_v1_00_a will not be compiled, because precompiled info is up to date.
compxlib[edk:axi_perf_mon_v1_00_a]: 0 error(s), 0 warning(s), 35.57 % complete

Exclude Superseded EDK child library axi_plbv46_bridge_v2_00_a.
Exclude Superseded EDK child library axi_plbv46_bridge_v2_01_a.

Library edk:axi_plbv46_bridge_v2_02_a will not be compiled, because precompiled info is up to date.
compxlib[edk:axi_plbv46_bridge_v2_02_a]: 0 error(s), 0 warning(s), 36.41 % complete


Library edk:axi_protocol_checker_v1_01_a will not be compiled, because precompiled info is up to date.
compxlib[edk:axi_protocol_checker_v1_01_a]: 0 error(s), 0 warning(s), 36.69 % complete

Exclude Superseded EDK child library axi_quad_spi_v1_00_a.

Library edk:axi_quad_spi_v2_00_a will not be compiled, because precompiled info is up to date.
compxlib[edk:axi_quad_spi_v2_00_a]: 0 error(s), 7 warning(s), 37.25 % complete

Exclude Superseded EDK child library axi_s6_ddrx_v1_04_a.

Library edk:axi_s6_ddrx_v1_05_a will not be compiled, because precompiled info is up to date.
compxlib[edk:axi_s6_ddrx_v1_05_a]: 0 error(s), 0 warning(s), 37.82 % complete

Exclude Superseded EDK child library axi_spi_v1_01_a.

Library edk:axi_spi_v1_02_a will not be compiled, because precompiled info is up to date.
compxlib[edk:axi_spi_v1_02_a]: 0 error(s), 0 warning(s), 38.38 % complete


Library edk:sysace_common_v1_01_a will not be compiled, because precompiled info is up to date.
compxlib[edk:sysace_common_v1_01_a]: 0 error(s), 0 warning(s), 38.66 % complete

Exclude Superseded EDK child library axi_sysace_v1_00_a.

Library edk:axi_sysace_v1_01_a will not be compiled, because precompiled info is up to date.
compxlib[edk:axi_sysace_v1_01_a]: 0 error(s), 0 warning(s), 39.22 % complete

Exclude Superseded EDK child library axi_sysmon_adc_v1_01_a.

Library edk:axi_sysmon_adc_v2_00_a will not be compiled, because precompiled info is up to date.
compxlib[edk:axi_sysmon_adc_v2_00_a]: 0 error(s), 0 warning(s), 39.78 % complete

Exclude Superseded EDK child library axi_timebase_wdt_v1_00_a.

Library edk:axi_timebase_wdt_v1_01_a will not be compiled, because precompiled info is up to date.
compxlib[edk:axi_timebase_wdt_v1_01_a]: 0 error(s), 0 warning(s), 40.34 % complete

Exclude Superseded EDK child library axi_timer_v1_02_a.

Library edk:axi_timer_v1_03_a will not be compiled, because precompiled info is up to date.
compxlib[edk:axi_timer_v1_03_a]: 0 error(s), 0 warning(s), 40.90 % complete


Library edk:axi_uart16550_v1_01_a will not be compiled, because precompiled info is up to date.
compxlib[edk:axi_uart16550_v1_01_a]: 0 error(s), 0 warning(s), 41.18 % complete

Exclude Superseded EDK child library axi_uartlite_v1_01_a.

Library edk:axi_uartlite_v1_02_a will not be compiled, because precompiled info is up to date.
compxlib[edk:axi_uartlite_v1_02_a]: 0 error(s), 0 warning(s), 41.74 % complete

Exclude Superseded EDK child library axi_usb2_device_v1_00_a.
Exclude Superseded EDK child library axi_usb2_device_v2_00_a.
Exclude Superseded EDK child library axi_usb2_device_v3_00_a.

Library edk:axi_usb2_device_v3_01_a will not be compiled, because precompiled info is up to date.
compxlib[edk:axi_usb2_device_v3_01_a]: 0 error(s), 0 warning(s), 42.86 % complete


Library edk:axi_v6_ddrx_v1_05_a will not be compiled, because precompiled info is up to date.
compxlib[edk:axi_v6_ddrx_v1_05_a]: 0 error(s), 0 warning(s), 43.14 % complete

Exclude Superseded EDK child library axi_vdma_v4_00_a.
Exclude Superseded EDK child library axi_vdma_v5_00_a.

Library edk:axi_vdma_v5_01_a will not be compiled, because precompiled info is up to date.
compxlib[edk:axi_vdma_v5_01_a]: 0 error(s), 0 warning(s), 43.98 % complete


Library edk:axi_xadc_v1_00_a will not be compiled, because precompiled info is up to date.
compxlib[edk:axi_xadc_v1_00_a]: 0 error(s), 0 warning(s), 44.26 % complete


Library edk:block_plus_v1_10_a will not be compiled, because precompiled info is up to date.
compxlib[edk:block_plus_v1_10_a]: 0 error(s), 0 warning(s), 44.54 % complete


Library edk:block_plus_v1_10_b will not be compiled, because precompiled info is up to date.
compxlib[edk:block_plus_v1_10_b]: 0 error(s), 0 warning(s), 44.82 % complete


Library edk:block_plus_v1_12_a will not be compiled, because precompiled info is up to date.
compxlib[edk:block_plus_v1_12_a]: 0 error(s), 0 warning(s), 45.10 % complete


Library edk:block_plus_v1_13_a will not be compiled, because precompiled info is up to date.
compxlib[edk:block_plus_v1_13_a]: 0 error(s), 0 warning(s), 45.38 % complete

Exclude Superseded EDK child library chipscope_axi_monitor_v3_02_a.

Library edk:chipscope_axi_monitor_v3_03_a will not be compiled, because precompiled info is up to date.
compxlib[edk:chipscope_axi_monitor_v3_03_a]: 0 error(s), 0 warning(s), 45.94 % complete

Exclude Superseded EDK child library chipscope_icon_v1_04_a.
Exclude Superseded EDK child library chipscope_icon_v1_05_a.

Library edk:chipscope_icon_v1_06_a will not be compiled, because precompiled info is up to date.
compxlib[edk:chipscope_icon_v1_06_a]: 0 error(s), 0 warning(s), 46.78 % complete

Exclude Superseded EDK child library chipscope_ila_v1_03_a.
Exclude Superseded EDK child library chipscope_ila_v1_04_a.

Library edk:chipscope_ila_v1_05_a will not be compiled, because precompiled info is up to date.
compxlib[edk:chipscope_ila_v1_05_a]: 0 error(s), 0 warning(s), 47.62 % complete

Exclude Superseded EDK child library chipscope_opb_iba_v1_01_a.
Exclude Superseded EDK child library chipscope_plb_iba_v1_01_a.

Library edk:chipscope_plbv46_iba_v1_03_a will not be compiled, because precompiled info is up to date.
compxlib[edk:chipscope_plbv46_iba_v1_03_a]: 0 error(s), 0 warning(s), 48.46 % complete

Exclude Superseded EDK child library chipscope_vio_v1_03_a.
Exclude Superseded EDK child library chipscope_vio_v1_04_a.

Library edk:chipscope_vio_v1_05_a will not be compiled, because precompiled info is up to date.
compxlib[edk:chipscope_vio_v1_05_a]: 0 error(s), 0 warning(s), 49.30 % complete

Exclude Superseded EDK child library clock_generator_v3_02_a.
Exclude Superseded EDK child library clock_generator_v4_00_a.
Exclude Superseded EDK child library clock_generator_v4_01_a.
Exclude Superseded EDK child library clock_generator_v4_02_a.

Library edk:clock_generator_v4_03_a will not be compiled, because precompiled info is up to date.
compxlib[edk:clock_generator_v4_03_a]: 0 error(s), 0 warning(s), 50.70 % complete


Library edk:csum_v1_00_a will not be compiled, because precompiled info is up to date.
compxlib[edk:csum_v1_00_a]: 0 error(s), 0 warning(s), 50.98 % complete


Library edk:dcm_module_v1_00_e will not be compiled, because precompiled info is up to date.
compxlib[edk:dcm_module_v1_00_e]: 0 error(s), 0 warning(s), 51.26 % complete


Library edk:intc_core_v2_00_a will not be compiled, because precompiled info is up to date.
compxlib[edk:intc_core_v2_00_a]: 0 error(s), 1 warning(s), 51.54 % complete


Library edk:dcr_intc_v2_00_a will not be compiled, because precompiled info is up to date.
compxlib[edk:dcr_intc_v2_00_a]: 0 error(s), 0 warning(s), 51.82 % complete


Library edk:dcr_v29_v1_00_b will not be compiled, because precompiled info is up to date.
compxlib[edk:dcr_v29_v1_00_b]: 0 error(s), 0 warning(s), 52.10 % complete


Library edk:dsbram_if_cntlr_v3_00_c will not be compiled, because precompiled info is up to date.
compxlib[edk:dsbram_if_cntlr_v3_00_c]: 0 error(s), 0 warning(s), 52.38 % complete


Library edk:dsocm_v10_v2_00_b will not be compiled, because precompiled info is up to date.
compxlib[edk:dsocm_v10_v2_00_b]: 0 error(s), 0 warning(s), 52.66 % complete


Library edk:emc_common_v4_01_a will not be compiled, because precompiled info is up to date.
compxlib[edk:emc_common_v4_01_a]: 0 error(s), 0 warning(s), 52.94 % complete


Library edk:eth_stat_wrap_v2_02_a will not be compiled, because precompiled info is up to date.
compxlib[edk:eth_stat_wrap_v2_02_a]: 0 error(s), 0 warning(s), 53.22 % complete


Library edk:eth_stat_wrap_v2_03_a will not be compiled, because precompiled info is up to date.
compxlib[edk:eth_stat_wrap_v2_03_a]: 0 error(s), 0 warning(s), 53.50 % complete


Library edk:fcb2fsl_bridge_v1_00_a will not be compiled, because precompiled info is up to date.
compxlib[edk:fcb2fsl_bridge_v1_00_a]: 0 error(s), 0 warning(s), 53.78 % complete


Library edk:fcb_v10_v1_00_a will not be compiled, because precompiled info is up to date.
compxlib[edk:fcb_v10_v1_00_a]: 0 error(s), 0 warning(s), 54.06 % complete


Library edk:fcb_v20_v1_00_a will not be compiled, because precompiled info is up to date.
compxlib[edk:fcb_v20_v1_00_a]: 0 error(s), 0 warning(s), 54.34 % complete


Library edk:fit_timer_v1_01_b will not be compiled, because precompiled info is up to date.
compxlib[edk:fit_timer_v1_01_b]: 0 error(s), 0 warning(s), 54.62 % complete


Library edk:fsl_v20_v2_11_e will not be compiled, because precompiled info is up to date.
compxlib[edk:fsl_v20_v2_11_e]: 0 error(s), 0 warning(s), 54.90 % complete


Library edk:hwicap_v6_00_a will not be compiled, because precompiled info is up to date.
compxlib[edk:hwicap_v6_00_a]: 0 error(s), 0 warning(s), 55.18 % complete


Library edk:hwicap_v6_01_a will not be compiled, because precompiled info is up to date.
compxlib[edk:hwicap_v6_01_a]: 0 error(s), 0 warning(s), 55.46 % complete


Library edk:proc_common_v2_00_a will not be compiled, because precompiled info is up to date.
compxlib[edk:proc_common_v2_00_a]: 0 error(s), 0 warning(s), 55.74 % complete


Library edk:interrupt_control_v1_00_a will not be compiled, because precompiled info is up to date.
compxlib[edk:interrupt_control_v1_00_a]: 0 error(s), 0 warning(s), 56.02 % complete


Library edk:iomodule_v1_00_a will not be compiled, because precompiled info is up to date.
compxlib[edk:iomodule_v1_00_a]: 0 error(s), 0 warning(s), 56.30 % complete


Library edk:isbram_if_cntlr_v3_00_c will not be compiled, because precompiled info is up to date.
compxlib[edk:isbram_if_cntlr_v3_00_c]: 0 error(s), 0 warning(s), 56.58 % complete


Library edk:isocm_v10_v2_00_b will not be compiled, because precompiled info is up to date.
compxlib[edk:isocm_v10_v2_00_b]: 0 error(s), 0 warning(s), 56.86 % complete


Library edk:jtagppc_cntlr_v2_01_c will not be compiled, because precompiled info is up to date.
compxlib[edk:jtagppc_cntlr_v2_01_c]: 0 error(s), 0 warning(s), 57.14 % complete

Exclude Superseded EDK child library lmb_bram_if_cntlr_v2_10_b.

Library edk:lmb_bram_if_cntlr_v3_00_b will not be compiled, because precompiled info is up to date.
compxlib[edk:lmb_bram_if_cntlr_v3_00_b]: 0 error(s), 0 warning(s), 57.70 % complete

Exclude Superseded EDK child library lmb_v10_v1_00_a.

Library edk:lmb_v10_v2_00_b will not be compiled, because precompiled info is up to date.
compxlib[edk:lmb_v10_v2_00_b]: 0 error(s), 0 warning(s), 58.26 % complete


Library edk:plbv46_slave_single_v1_01_a will not be compiled, because precompiled info is up to date.
compxlib[edk:plbv46_slave_single_v1_01_a]: 0 error(s), 0 warning(s), 58.54 % complete


Library edk:mailbox_v1_00_a will not be compiled, because precompiled info is up to date.
compxlib[edk:mailbox_v1_00_a]: 0 error(s), 0 warning(s), 58.82 % complete


Library edk:plbv46_slave_burst_v1_01_a will not be compiled, because precompiled info is up to date.
compxlib[edk:plbv46_slave_burst_v1_01_a]: 0 error(s), 0 warning(s), 59.10 % complete


Library edk:mch_plbv46_slave_burst_v2_01_a will not be compiled, because precompiled info is up to date.
compxlib[edk:mch_plbv46_slave_burst_v2_01_a]: 0 error(s), 0 warning(s), 59.38 % complete

Exclude Superseded EDK child library mdm_v1_00_g.

Library edk:mdm_v2_00_b will not be compiled, because precompiled info is up to date.
compxlib[edk:mdm_v2_00_b]: 0 error(s), 0 warning(s), 59.94 % complete


Library edk:mgt_protector_v1_00_a will not be compiled, because precompiled info is up to date.
compxlib[edk:mgt_protector_v1_00_a]: 0 error(s), 0 warning(s), 60.22 % complete

Exclude Superseded EDK child library microblaze_v7_30_b.
Exclude Superseded EDK child library microblaze_v8_20_b.

Library edk:microblaze_v8_30_a will not be compiled, because precompiled info is up to date.
compxlib[edk:microblaze_v8_30_a]: 0 error(s), 0 warning(s), 61.06 % complete


Library edk:mii_to_rmii_v1_01_a will not be compiled, because precompiled info is up to date.
compxlib[edk:mii_to_rmii_v1_01_a]: 0 error(s), 0 warning(s), 61.34 % complete


Library edk:mmcm_module_v1_00_a will not be compiled, because precompiled info is up to date.
compxlib[edk:mmcm_module_v1_00_a]: 0 error(s), 0 warning(s), 61.62 % complete


Library edk:mpmc_v6_05_a will not be compiled, because precompiled info is up to date.
compxlib[edk:mpmc_v6_05_a]: 0 error(s), 12 warning(s), 61.90 % complete


Library edk:mutex_v1_00_a will not be compiled, because precompiled info is up to date.
compxlib[edk:mutex_v1_00_a]: 0 error(s), 0 warning(s), 62.18 % complete


Library edk:rdpfifo_v1_01_b will not be compiled, because precompiled info is up to date.
compxlib[edk:rdpfifo_v1_01_b]: 0 error(s), 0 warning(s), 62.46 % complete


Library edk:wrpfifo_v1_01_b will not be compiled, because precompiled info is up to date.
compxlib[edk:wrpfifo_v1_01_b]: 0 error(s), 0 warning(s), 62.75 % complete


Library edk:opb_ipif_v3_01_a will not be compiled, because precompiled info is up to date.
compxlib[edk:opb_ipif_v3_01_a]: 0 error(s), 0 warning(s), 63.03 % complete

Exclude Superseded EDK child library opb2dcr_bridge_v1_00_b.

Library edk:plbv46_master_burst_v1_01_a will not be compiled, because precompiled info is up to date.
compxlib[edk:plbv46_master_burst_v1_01_a]: 0 error(s), 0 warning(s), 63.59 % complete

Exclude Superseded EDK child library opb_plbv46_bridge_v1_01_a.
Exclude Superseded EDK child library opb_v20_v1_10_d.

Library edk:pci_arbiter_v1_00_a will not be compiled, because precompiled info is up to date.
compxlib[edk:pci_arbiter_v1_00_a]: 0 error(s), 0 warning(s), 64.43 % complete


Library edk:proc_common_v1_00_b will not be compiled, because precompiled info is up to date.
compxlib[edk:proc_common_v1_00_b]: 0 error(s), 0 warning(s), 64.71 % complete

Exclude Superseded EDK child library plb_v34_v1_02_a.
Exclude Superseded EDK child library plb_v46_v1_04_a.

Library edk:plb_v46_v1_05_a will not be compiled, because precompiled info is up to date.
compxlib[edk:plb_v46_v1_05_a]: 0 error(s), 0 warning(s), 65.55 % complete

Exclude Superseded EDK child library plbv46_axi_bridge_v2_00_a.

Library edk:plbv46_axi_bridge_v2_01_a will not be compiled, because precompiled info is up to date.
compxlib[edk:plbv46_axi_bridge_v2_01_a]: 0 error(s), 0 warning(s), 66.11 % complete


Library edk:plbv46_dcr_bridge_v1_01_a will not be compiled, because precompiled info is up to date.
compxlib[edk:plbv46_dcr_bridge_v1_01_a]: 0 error(s), 0 warning(s), 66.39 % complete


Library edk:plbv46_master_single_v1_01_a will not be compiled, because precompiled info is up to date.
compxlib[edk:plbv46_master_single_v1_01_a]: 0 error(s), 0 warning(s), 66.67 % complete


Library edk:plbv46_master_v1_03_a will not be compiled, because precompiled info is up to date.
compxlib[edk:plbv46_master_v1_03_a]: 0 error(s), 44 warning(s), 66.95 % complete


Library edk:plbv46_master_v1_04_a will not be compiled, because precompiled info is up to date.
compxlib[edk:plbv46_master_v1_04_a]: 0 error(s), 44 warning(s), 67.23 % complete

Exclude Superseded EDK child library plbv46_opb_bridge_v1_01_a.

Library edk:wrpfifo_v5_00_a will not be compiled, because precompiled info is up to date.
compxlib[edk:wrpfifo_v5_00_a]: 0 error(s), 0 warning(s), 67.79 % complete


Library edk:rdpfifo_v4_01_a will not be compiled, because precompiled info is up to date.
compxlib[edk:rdpfifo_v4_01_a]: 0 error(s), 0 warning(s), 68.07 % complete


Library edk:plbv46_slave_v1_03_a will not be compiled, because precompiled info is up to date.
compxlib[edk:plbv46_slave_v1_03_a]: 0 error(s), 0 warning(s), 68.35 % complete

Exclude Superseded EDK child library plbv46_pci_v1_03_a.

Library edk:plbv46_slave_v1_05_a will not be compiled, because precompiled info is up to date.
compxlib[edk:plbv46_slave_v1_05_a]: 0 error(s), 0 warning(s), 68.91 % complete


Library edk:plbv46_pci_v1_04_a will not be compiled, because precompiled info is up to date.
compxlib[edk:plbv46_pci_v1_04_a]: 0 error(s), 0 warning(s), 69.19 % complete


Library edk:plbv46_slave_v1_04_a will not be compiled, because precompiled info is up to date.
compxlib[edk:plbv46_slave_v1_04_a]: 0 error(s), 0 warning(s), 69.47 % complete


Library edk:virtex6_pcie_v1_01_a will not be compiled, because precompiled info is up to date.
compxlib[edk:virtex6_pcie_v1_01_a]: 0 error(s), 0 warning(s), 69.75 % complete


Library edk:spartan6_pcie_v1_01_a will not be compiled, because precompiled info is up to date.
compxlib[edk:spartan6_pcie_v1_01_a]: 0 error(s), 0 warning(s), 70.03 % complete

Exclude Superseded EDK child library plbv46_pcie_v4_01_a.

Library edk:virtex6_pcie_v1_02_a will not be compiled, because precompiled info is up to date.
compxlib[edk:virtex6_pcie_v1_02_a]: 0 error(s), 0 warning(s), 70.59 % complete


Library edk:spartan6_pcie_v1_02_a will not be compiled, because precompiled info is up to date.
compxlib[edk:spartan6_pcie_v1_02_a]: 0 error(s), 0 warning(s), 70.87 % complete

Exclude Superseded EDK child library plbv46_pcie_v4_02_a.

Library edk:virtex6_pcie_v1_04_a will not be compiled, because precompiled info is up to date.
compxlib[edk:virtex6_pcie_v1_04_a]: 0 error(s), 21 warning(s), 71.43 % complete


Library edk:spartan6_pcie_v1_04_a will not be compiled, because precompiled info is up to date.
compxlib[edk:spartan6_pcie_v1_04_a]: 0 error(s), 0 warning(s), 71.71 % complete

Exclude Superseded EDK child library plbv46_pcie_v4_04_a.

Library edk:virtex6_pcie_v1_05_a will not be compiled, because precompiled info is up to date.
compxlib[edk:virtex6_pcie_v1_05_a]: 0 error(s), 23 warning(s), 72.27 % complete

Exclude Superseded EDK child library plbv46_pcie_v4_05_a.
Exclude Superseded EDK child library plbv46_pcie_v4_06_a.

Library edk:virtex6_pcie_v1_06_a will not be compiled, because precompiled info is up to date.
compxlib[edk:virtex6_pcie_v1_06_a]: 0 error(s), 4 warning(s), 73.11 % complete


Library edk:plbv46_pcie_v4_07_a will not be compiled, because precompiled info is up to date.
compxlib[edk:plbv46_pcie_v4_07_a]: 0 error(s), 12 warning(s), 73.39 % complete


Library edk:plbv46_slave_v1_02_a will not be compiled, because precompiled info is up to date.
compxlib[edk:plbv46_slave_v1_02_a]: 0 error(s), 0 warning(s), 73.67 % complete

Exclude Superseded EDK child library plbv46_plbv46_bridge_v1_02_b.

Library edk:wrpfifo_v5_01_a will not be compiled, because precompiled info is up to date.
compxlib[edk:wrpfifo_v5_01_a]: 0 error(s), 0 warning(s), 74.23 % complete


Library edk:rdpfifo_v4_02_a will not be compiled, because precompiled info is up to date.
compxlib[edk:rdpfifo_v4_02_a]: 0 error(s), 0 warning(s), 74.51 % complete

Exclude Superseded EDK child library plbv46_plbv46_bridge_v1_03_a.

Library edk:plbv46_plbv46_bridge_v1_04_a will not be compiled, because precompiled info is up to date.
compxlib[edk:plbv46_plbv46_bridge_v1_04_a]: 0 error(s), 0 warning(s), 75.07 % complete


Library edk:pll_module_v2_00_a will not be compiled, because precompiled info is up to date.
compxlib[edk:pll_module_v2_00_a]: 0 error(s), 0 warning(s), 75.35 % complete


Library edk:ppc405_virtex4_v2_01_b will not be compiled, because precompiled info is up to date.
compxlib[edk:ppc405_virtex4_v2_01_b]: 0 error(s), 0 warning(s), 75.63 % complete


Library edk:ppc440_virtex5_v1_01_a will not be compiled, because precompiled info is up to date.
compxlib[edk:ppc440_virtex5_v1_01_a]: 0 error(s), 0 warning(s), 75.91 % complete

Exclude Superseded EDK child library ppc440mc_ddr2_v3_00_b.

Library edk:ppc440mc_ddr2_v3_00_c will not be compiled, because precompiled info is up to date.
compxlib[edk:ppc440mc_ddr2_v3_00_c]: 0 error(s), 0 warning(s), 76.47 % complete

Exclude Superseded EDK child library proc_sys_reset_v2_00_a.

Library edk:proc_sys_reset_v3_00_a will not be compiled, because precompiled info is up to date.
compxlib[edk:proc_sys_reset_v3_00_a]: 0 error(s), 0 warning(s), 77.03 % complete


Library edk:proc_utils_v1_00_a will not be compiled, because precompiled info is up to date.
compxlib[edk:proc_utils_v1_00_a]: 0 error(s), 0 warning(s), 77.31 % complete

Exclude Superseded EDK child library processing_system7_v3_00_a.

Library edk:processing_system7_v4_00_a will not be compiled, because precompiled info is up to date.
compxlib[edk:processing_system7_v4_00_a]: 0 error(s), 0 warning(s), 77.87 % complete


Library edk:soft_temac_wrap_v2_02_a will not be compiled, because precompiled info is up to date.
compxlib[edk:soft_temac_wrap_v2_02_a]: 0 error(s), 0 warning(s), 78.15 % complete


Library edk:soft_temac_wrap_v2_03_a will not be compiled, because precompiled info is up to date.
compxlib[edk:soft_temac_wrap_v2_03_a]: 0 error(s), 0 warning(s), 78.43 % complete


Library edk:spartan6_pcie_v1_03_a will not be compiled, because precompiled info is up to date.
compxlib[edk:spartan6_pcie_v1_03_a]: 0 error(s), 0 warning(s), 78.71 % complete


Library edk:system_cache_v1_00_a will not be compiled, because precompiled info is up to date.
compxlib[edk:system_cache_v1_00_a]: 0 error(s), 3 warning(s), 78.99 % complete


Library edk:util_bus_split_v1_00_a will not be compiled, because precompiled info is up to date.
compxlib[edk:util_bus_split_v1_00_a]: 0 error(s), 0 warning(s), 79.27 % complete


Library edk:util_ds_buf_v1_01_a will not be compiled, because precompiled info is up to date.
compxlib[edk:util_ds_buf_v1_01_a]: 0 error(s), 0 warning(s), 79.55 % complete


Library edk:util_flipflop_v1_10_a will not be compiled, because precompiled info is up to date.
compxlib[edk:util_flipflop_v1_10_a]: 0 error(s), 0 warning(s), 79.83 % complete


Library edk:util_io_mux_v1_00_a will not be compiled, because precompiled info is up to date.
compxlib[edk:util_io_mux_v1_00_a]: 0 error(s), 0 warning(s), 80.11 % complete


Library edk:util_reduced_logic_v1_00_a will not be compiled, because precompiled info is up to date.
compxlib[edk:util_reduced_logic_v1_00_a]: 0 error(s), 0 warning(s), 80.39 % complete


Library edk:util_vector_logic_v1_00_a will not be compiled, because precompiled info is up to date.
compxlib[edk:util_vector_logic_v1_00_a]: 0 error(s), 0 warning(s), 80.67 % complete


Library edk:v_tc_v4_00_a will not be compiled, because precompiled info is up to date.
compxlib[edk:v_tc_v4_00_a]: 0 error(s), 0 warning(s), 80.95 % complete


Library edk:v_ccm_v4_00_a will not be compiled, because precompiled info is up to date.
compxlib[edk:v_ccm_v4_00_a]: 0 error(s), 0 warning(s), 81.23 % complete


Library edk:v_cfa_v5_00_a will not be compiled, because precompiled info is up to date.
compxlib[edk:v_cfa_v5_00_a]: 0 error(s), 0 warning(s), 81.51 % complete


Library edk:v_cresample_v2_00_a will not be compiled, because precompiled info is up to date.
compxlib[edk:v_cresample_v2_00_a]: 0 error(s), 0 warning(s), 81.79 % complete


Library edk:v_deinterlacer_v2_00_a will not be compiled, because precompiled info is up to date.
compxlib[edk:v_deinterlacer_v2_00_a]: 0 error(s), 0 warning(s), 82.07 % complete


Library edk:v_enhance_v4_00_a will not be compiled, because precompiled info is up to date.
compxlib[edk:v_enhance_v4_00_a]: 0 error(s), 0 warning(s), 82.35 % complete


Library edk:v_gamma_v5_00_a will not be compiled, because precompiled info is up to date.
compxlib[edk:v_gamma_v5_00_a]: 0 error(s), 0 warning(s), 82.63 % complete


Library edk:v_manr_v4_00_a will not be compiled, because precompiled info is up to date.
compxlib[edk:v_manr_v4_00_a]: 0 error(s), 0 warning(s), 82.91 % complete


Library edk:v_noise_v4_00_a will not be compiled, because precompiled info is up to date.
compxlib[edk:v_noise_v4_00_a]: 0 error(s), 0 warning(s), 83.19 % complete


Library edk:v_osd_v4_00_a will not be compiled, because precompiled info is up to date.
compxlib[edk:v_osd_v4_00_a]: 0 error(s), 0 warning(s), 83.47 % complete


Library edk:v_rgb2ycrcb_v5_00_a will not be compiled, because precompiled info is up to date.
compxlib[edk:v_rgb2ycrcb_v5_00_a]: 0 error(s), 0 warning(s), 83.75 % complete


Library edk:v_scaler_v6_00_a will not be compiled, because precompiled info is up to date.
compxlib[edk:v_scaler_v6_00_a]: 0 error(s), 0 warning(s), 84.03 % complete


Library edk:v_spc_v5_00_a will not be compiled, because precompiled info is up to date.
compxlib[edk:v_spc_v5_00_a]: 0 error(s), 0 warning(s), 84.31 % complete


Library edk:v_stats_v4_00_a will not be compiled, because precompiled info is up to date.
compxlib[edk:v_stats_v4_00_a]: 0 error(s), 0 warning(s), 84.59 % complete


Library edk:v_ycrcb2rgb_v5_00_a will not be compiled, because precompiled info is up to date.
compxlib[edk:v_ycrcb2rgb_v5_00_a]: 0 error(s), 0 warning(s), 84.87 % complete


Library edk:virtex6_pcie_v1_03_a will not be compiled, because precompiled info is up to date.
compxlib[edk:virtex6_pcie_v1_03_a]: 0 error(s), 0 warning(s), 85.15 % complete


Library edk:xps_bram_if_cntlr_v1_00_b will not be compiled, because precompiled info is up to date.
compxlib[edk:xps_bram_if_cntlr_v1_00_b]: 0 error(s), 0 warning(s), 85.43 % complete

Exclude Superseded EDK child library xps_can_v3_00_a.

Library edk:xps_can_v3_01_a will not be compiled, because precompiled info is up to date.
compxlib[edk:xps_can_v3_01_a]: 0 error(s), 0 warning(s), 85.99 % complete

Exclude Superseded EDK child library xps_central_dma_v2_01_b.
Exclude Superseded EDK child library xps_central_dma_v2_01_c.
Exclude Superseded EDK child library xps_central_dma_v2_02_a.

Library edk:xps_central_dma_v2_03_a will not be compiled, because precompiled info is up to date.
compxlib[edk:xps_central_dma_v2_03_a]: 0 error(s), 0 warning(s), 87.11 % complete


Library edk:xps_deltasigma_adc_v1_01_a will not be compiled, because precompiled info is up to date.
compxlib[edk:xps_deltasigma_adc_v1_01_a]: 0 error(s), 0 warning(s), 87.39 % complete


Library edk:xps_deltasigma_dac_v1_01_a will not be compiled, because precompiled info is up to date.
compxlib[edk:xps_deltasigma_dac_v1_01_a]: 0 error(s), 0 warning(s), 87.68 % complete


Library edk:xps_epc_v1_02_a will not be compiled, because precompiled info is up to date.
compxlib[edk:xps_epc_v1_02_a]: 0 error(s), 0 warning(s), 87.96 % complete

Exclude Superseded EDK child library xps_ethernetlite_v3_01_a.

Library edk:xps_ethernetlite_v4_00_a will not be compiled, because precompiled info is up to date.
compxlib[edk:xps_ethernetlite_v4_00_a]: 0 error(s), 1 warning(s), 88.52 % complete


Library edk:xps_gpio_v2_00_a will not be compiled, because precompiled info is up to date.
compxlib[edk:xps_gpio_v2_00_a]: 0 error(s), 0 warning(s), 88.80 % complete

Exclude Superseded EDK child library xps_hwicap_v5_00_a.

Library edk:xps_hwicap_v5_01_a will not be compiled, because precompiled info is up to date.
compxlib[edk:xps_hwicap_v5_01_a]: 0 error(s), 0 warning(s), 89.36 % complete

Exclude Superseded EDK child library xps_iic_v2_01_a.
Exclude Superseded EDK child library xps_iic_v2_02_a.

Library edk:xps_iic_v2_03_a will not be compiled, because precompiled info is up to date.
compxlib[edk:xps_iic_v2_03_a]: 0 error(s), 0 warning(s), 90.20 % complete

Exclude Superseded EDK child library xps_spi_v2_01_b.
Exclude Superseded EDK child library xps_insystem_flash_v1_01_b.

Library edk:xps_spi_v2_02_a will not be compiled, because precompiled info is up to date.
compxlib[edk:xps_spi_v2_02_a]: 0 error(s), 0 warning(s), 91.04 % complete


Library edk:xps_insystem_flash_v1_02_a will not be compiled, because precompiled info is up to date.
compxlib[edk:xps_insystem_flash_v1_02_a]: 0 error(s), 0 warning(s), 91.32 % complete

Exclude Superseded EDK child library xps_intc_v2_00_a.

Library edk:xps_intc_v2_01_a will not be compiled, because precompiled info is up to date.
compxlib[edk:xps_intc_v2_01_a]: 0 error(s), 0 warning(s), 91.88 % complete


Library edk:xps_ll_fifo_v1_02_a will not be compiled, because precompiled info is up to date.
compxlib[edk:xps_ll_fifo_v1_02_a]: 0 error(s), 0 warning(s), 92.16 % complete


Library edk:xps_ll_temac_v2_03_a will not be compiled, because precompiled info is up to date.
compxlib[edk:xps_ll_temac_v2_03_a]: 0 error(s), 0 warning(s), 92.44 % complete

Exclude Superseded EDK child library xps_mailbox_v2_00_b.

Library edk:xps_mch_emc_v3_01_a will not be compiled, because precompiled info is up to date.
compxlib[edk:xps_mch_emc_v3_01_a]: 0 error(s), 0 warning(s), 93.00 % complete

Exclude Superseded EDK child library xps_most_nic_v1_01_a.
Exclude Superseded EDK child library xps_most_nic_v1_02_a.
Exclude Superseded EDK child library xps_most_nic_v1_03_a.
Exclude Superseded EDK child library xps_mutex_v1_00_d.
Exclude Superseded EDK child library xps_ps2_v1_01_a.

Library edk:xps_ps2_v1_01_b will not be compiled, because precompiled info is up to date.
compxlib[edk:xps_ps2_v1_01_b]: 0 error(s), 0 warning(s), 94.68 % complete


Library edk:xps_sysace_v1_01_a will not be compiled, because precompiled info is up to date.
compxlib[edk:xps_sysace_v1_01_a]: 0 error(s), 0 warning(s), 94.96 % complete

Exclude Superseded EDK child library xps_sysmon_adc_v2_00_a.
Exclude Superseded EDK child library xps_sysmon_adc_v3_00_a.

Library edk:xps_sysmon_adc_v3_00_b will not be compiled, because precompiled info is up to date.
compxlib[edk:xps_sysmon_adc_v3_00_b]: 0 error(s), 0 warning(s), 95.80 % complete


Library edk:xps_tft_v2_01_a will not be compiled, because precompiled info is up to date.
compxlib[edk:xps_tft_v2_01_a]: 0 error(s), 0 warning(s), 96.08 % complete

Exclude Superseded EDK child library xps_timebase_wdt_v1_01_a.

Library edk:xps_timebase_wdt_v1_02_a will not be compiled, because precompiled info is up to date.
compxlib[edk:xps_timebase_wdt_v1_02_a]: 0 error(s), 0 warning(s), 96.64 % complete

Exclude Superseded EDK child library xps_timer_v1_01_b.

Library edk:xps_timer_v1_02_a will not be compiled, because precompiled info is up to date.
compxlib[edk:xps_timer_v1_02_a]: 0 error(s), 0 warning(s), 97.20 % complete


Library edk:xps_uart16550_v3_00_a will not be compiled, because precompiled info is up to date.
compxlib[edk:xps_uart16550_v3_00_a]: 0 error(s), 0 warning(s), 97.48 % complete

Exclude Superseded EDK child library xps_uartlite_v1_01_a.

Library edk:xps_uartlite_v1_02_a will not be compiled, because precompiled info is up to date.
compxlib[edk:xps_uartlite_v1_02_a]: 0 error(s), 0 warning(s), 98.04 % complete

Exclude Superseded EDK child library xps_usb2_device_v2_00_a.
Exclude Superseded EDK child library xps_usb2_device_v3_00_a.
Exclude Superseded EDK child library xps_usb2_device_v3_01_a.
Exclude Superseded EDK child library xps_usb2_device_v4_00_a.
Exclude Superseded EDK child library xps_usb2_device_v5_00_a.
Exclude Superseded EDK child library xps_usb2_device_v6_00_a.

Library edk:xps_usb2_device_v7_00_a will not be compiled, because precompiled info is up to date.
compxlib[edk:xps_usb2_device_v7_00_a]: 0 error(s), 0 warning(s), 100.00 % complete

==============================================================================
BEGIN_COMPILATION_MESSAGES(mti_se::edk)
Modifying modelsim.ini


END_COMPILATION_MESSAGES(mti_se::edk)
==============================================================================
compxlib[edk]: 0 error(s), 194 warning(s), 100.00 % complete


Setup file 'C:\Xilinx\14.1\ISE_DS\ISE\vhdl\mti_se\10.1a\nt/modelsim.ini' exists, no copying from 'modelsim.ini' ...
**********************************************************************************************
*                                   COMPILATION SUMMARY                                      *
*                                                                                            *
*  Simulator used: mti_se                                                                    *
*  Compiled on: Mon Apr 08 08:43:09 2013                                                     *
*                                                                                            *
**********************************************************************************************
*               Library                |  Lang   |  Mapped Name(s)   | Err#(s)  |  Warn#(s)  *
*--------------------------------------------------------------------------------------------*
*  edk                                 |         | edk               | 0        | 194        *
*--------------------------------------------------------------------------------------------*

